Determining if the function crc32c_value exists in the crc32c failed with the following output:
Change Dir: /usr/src/com.unnsvc/com.unnsvc.buttcoin/bitcoindb/target/debug/build/leveldb-sys-b3eebc4395745c99/out/build/CMakeFiles/CMakeTmp

Run Build Command(s):/usr/bin/gmake -f Makefile cmTC_dcb11/fast && /usr/bin/gmake  -f CMakeFiles/cmTC_dcb11.dir/build.make CMakeFiles/cmTC_dcb11.dir/build
gmake[1]: Entering directory '/usr/src/com.unnsvc/com.unnsvc.buttcoin/bitcoindb/target/debug/build/leveldb-sys-b3eebc4395745c99/out/build/CMakeFiles/CMakeTmp'
Building C object CMakeFiles/cmTC_dcb11.dir/CheckFunctionExists.c.o
/usr/lib64/ccache/cc   -I/usr/src/com.unnsvc/com.unnsvc.buttcoin/bitcoindb/target/debug/build/leveldb-sys-b3eebc4395745c99/out/include -ffunction-sections -fdata-sections -fPIC -m64 -DCHECK_FUNCTION_EXISTS=crc32c_value -std=c11 -o CMakeFiles/cmTC_dcb11.dir/CheckFunctionExists.c.o -c /usr/share/cmake/Modules/CheckFunctionExists.c
Linking C executable cmTC_dcb11
/usr/bin/cmake -E cmake_link_script CMakeFiles/cmTC_dcb11.dir/link.txt --verbose=1
/usr/lib64/ccache/cc  -I/usr/src/com.unnsvc/com.unnsvc.buttcoin/bitcoindb/target/debug/build/leveldb-sys-b3eebc4395745c99/out/include -ffunction-sections -fdata-sections -fPIC -m64 -DCHECK_FUNCTION_EXISTS=crc32c_value -L/usr/src/com.unnsvc/com.unnsvc.buttcoin/bitcoindb/target/debug/build/leveldb-sys-b3eebc4395745c99/out/lib  CMakeFiles/cmTC_dcb11.dir/CheckFunctionExists.c.o -o cmTC_dcb11  -lcrc32c 
/usr/bin/ld: cannot find -lcrc32c
collect2: error: ld returned 1 exit status
gmake[1]: *** [CMakeFiles/cmTC_dcb11.dir/build.make:99: cmTC_dcb11] Error 1
gmake[1]: Leaving directory '/usr/src/com.unnsvc/com.unnsvc.buttcoin/bitcoindb/target/debug/build/leveldb-sys-b3eebc4395745c99/out/build/CMakeFiles/CMakeTmp'
gmake: *** [Makefile:127: cmTC_dcb11/fast] Error 2



Determining if the function malloc exists in the tcmalloc failed with the following output:
Change Dir: /usr/src/com.unnsvc/com.unnsvc.buttcoin/bitcoindb/target/debug/build/leveldb-sys-b3eebc4395745c99/out/build/CMakeFiles/CMakeTmp

Run Build Command(s):/usr/bin/gmake -f Makefile cmTC_982cf/fast && /usr/bin/gmake  -f CMakeFiles/cmTC_982cf.dir/build.make CMakeFiles/cmTC_982cf.dir/build
gmake[1]: Entering directory '/usr/src/com.unnsvc/com.unnsvc.buttcoin/bitcoindb/target/debug/build/leveldb-sys-b3eebc4395745c99/out/build/CMakeFiles/CMakeTmp'
Building C object CMakeFiles/cmTC_982cf.dir/CheckFunctionExists.c.o
/usr/lib64/ccache/cc   -I/usr/src/com.unnsvc/com.unnsvc.buttcoin/bitcoindb/target/debug/build/leveldb-sys-b3eebc4395745c99/out/include -ffunction-sections -fdata-sections -fPIC -m64 -DCHECK_FUNCTION_EXISTS=malloc -std=c11 -o CMakeFiles/cmTC_982cf.dir/CheckFunctionExists.c.o -c /usr/share/cmake/Modules/CheckFunctionExists.c
<command-line>: warning: conflicting types for built-in function ‘malloc’; expected ‘void *(long unsigned int)’ [-Wbuiltin-declaration-mismatch]
/usr/share/cmake/Modules/CheckFunctionExists.c:7:3: note: in expansion of macro ‘CHECK_FUNCTION_EXISTS’
    7 |   CHECK_FUNCTION_EXISTS(void);
      |   ^~~~~~~~~~~~~~~~~~~~~
/usr/share/cmake/Modules/CheckFunctionExists.c:1:1: note: ‘malloc’ is declared in header ‘<stdlib.h>’
  +++ |+#include <stdlib.h>
    1 | #ifdef CHECK_FUNCTION_EXISTS
Linking C executable cmTC_982cf
/usr/bin/cmake -E cmake_link_script CMakeFiles/cmTC_982cf.dir/link.txt --verbose=1
/usr/lib64/ccache/cc  -I/usr/src/com.unnsvc/com.unnsvc.buttcoin/bitcoindb/target/debug/build/leveldb-sys-b3eebc4395745c99/out/include -ffunction-sections -fdata-sections -fPIC -m64 -DCHECK_FUNCTION_EXISTS=malloc -L/usr/src/com.unnsvc/com.unnsvc.buttcoin/bitcoindb/target/debug/build/leveldb-sys-b3eebc4395745c99/out/lib  CMakeFiles/cmTC_982cf.dir/CheckFunctionExists.c.o -o cmTC_982cf  -ltcmalloc 
/usr/bin/ld: cannot find -ltcmalloc
collect2: error: ld returned 1 exit status
gmake[1]: *** [CMakeFiles/cmTC_982cf.dir/build.make:99: cmTC_982cf] Error 1
gmake[1]: Leaving directory '/usr/src/com.unnsvc/com.unnsvc.buttcoin/bitcoindb/target/debug/build/leveldb-sys-b3eebc4395745c99/out/build/CMakeFiles/CMakeTmp'
gmake: *** [Makefile:127: cmTC_982cf/fast] Error 2



Determining if the F_FULLFSYNC exist failed with the following output:
Change Dir: /usr/src/com.unnsvc/com.unnsvc.buttcoin/bitcoindb/target/debug/build/leveldb-sys-b3eebc4395745c99/out/build/CMakeFiles/CMakeTmp

Run Build Command(s):/usr/bin/gmake -f Makefile cmTC_00ed6/fast && /usr/bin/gmake  -f CMakeFiles/cmTC_00ed6.dir/build.make CMakeFiles/cmTC_00ed6.dir/build
gmake[1]: Entering directory '/usr/src/com.unnsvc/com.unnsvc.buttcoin/bitcoindb/target/debug/build/leveldb-sys-b3eebc4395745c99/out/build/CMakeFiles/CMakeTmp'
Building CXX object CMakeFiles/cmTC_00ed6.dir/CheckSymbolExists.cxx.o
/usr/lib64/ccache/c++   -I/usr/src/com.unnsvc/com.unnsvc.buttcoin/bitcoindb/target/debug/build/leveldb-sys-b3eebc4395745c99/out/include -ffunction-sections -fdata-sections -fPIC -m64  -std=c++11 -o CMakeFiles/cmTC_00ed6.dir/CheckSymbolExists.cxx.o -c /usr/src/com.unnsvc/com.unnsvc.buttcoin/bitcoindb/target/debug/build/leveldb-sys-b3eebc4395745c99/out/build/CMakeFiles/CMakeTmp/CheckSymbolExists.cxx
/usr/src/com.unnsvc/com.unnsvc.buttcoin/bitcoindb/target/debug/build/leveldb-sys-b3eebc4395745c99/out/build/CMakeFiles/CMakeTmp/CheckSymbolExists.cxx: In function ‘int main(int, char**)’:
/usr/src/com.unnsvc/com.unnsvc.buttcoin/bitcoindb/target/debug/build/leveldb-sys-b3eebc4395745c99/out/build/CMakeFiles/CMakeTmp/CheckSymbolExists.cxx:8:19: error: ‘F_FULLFSYNC’ was not declared in this scope
    8 |   return ((int*)(&F_FULLFSYNC))[argc];
      |                   ^~~~~~~~~~~
gmake[1]: *** [CMakeFiles/cmTC_00ed6.dir/build.make:78: CMakeFiles/cmTC_00ed6.dir/CheckSymbolExists.cxx.o] Error 1
gmake[1]: Leaving directory '/usr/src/com.unnsvc/com.unnsvc.buttcoin/bitcoindb/target/debug/build/leveldb-sys-b3eebc4395745c99/out/build/CMakeFiles/CMakeTmp'
gmake: *** [Makefile:127: cmTC_00ed6/fast] Error 2


File /usr/src/com.unnsvc/com.unnsvc.buttcoin/bitcoindb/target/debug/build/leveldb-sys-b3eebc4395745c99/out/build/CMakeFiles/CMakeTmp/CheckSymbolExists.cxx:
/* */
#include <fcntl.h>

int main(int argc, char** argv)
{
  (void)argv;
#ifndef F_FULLFSYNC
  return ((int*)(&F_FULLFSYNC))[argc];
#else
  (void)argc;
  return 0;
#endif
}
Performing C++ SOURCE FILE Test HAVE_CLANG_THREAD_SAFETY failed with the following output:
Change Dir: /usr/src/com.unnsvc/com.unnsvc.buttcoin/bitcoindb/target/debug/build/leveldb-sys-b3eebc4395745c99/out/build/CMakeFiles/CMakeTmp

Run Build Command(s):/usr/bin/gmake -f Makefile cmTC_20bb9/fast && /usr/bin/gmake  -f CMakeFiles/cmTC_20bb9.dir/build.make CMakeFiles/cmTC_20bb9.dir/build
gmake[1]: Entering directory '/usr/src/com.unnsvc/com.unnsvc.buttcoin/bitcoindb/target/debug/build/leveldb-sys-b3eebc4395745c99/out/build/CMakeFiles/CMakeTmp'
Building CXX object CMakeFiles/cmTC_20bb9.dir/src.cxx.o
/usr/lib64/ccache/c++ -DHAVE_CLANG_THREAD_SAFETY  -I/usr/src/com.unnsvc/com.unnsvc.buttcoin/bitcoindb/target/debug/build/leveldb-sys-b3eebc4395745c99/out/include -ffunction-sections -fdata-sections -fPIC -m64 -Werror -std=c++11 -o CMakeFiles/cmTC_20bb9.dir/src.cxx.o -c /usr/src/com.unnsvc/com.unnsvc.buttcoin/bitcoindb/target/debug/build/leveldb-sys-b3eebc4395745c99/out/build/CMakeFiles/CMakeTmp/src.cxx
/usr/src/com.unnsvc/com.unnsvc.buttcoin/bitcoindb/target/debug/build/leveldb-sys-b3eebc4395745c99/out/build/CMakeFiles/CMakeTmp/src.cxx:2:34: error: ‘lockable’ attribute directive ignored [-Werror=attributes]
    2 | struct __attribute__((lockable)) Lock {
      |                                  ^~~~
/usr/src/com.unnsvc/com.unnsvc.buttcoin/bitcoindb/target/debug/build/leveldb-sys-b3eebc4395745c99/out/build/CMakeFiles/CMakeTmp/src.cxx:3:59: error: ‘exclusive_lock_function’ attribute directive ignored [-Werror=attributes]
    3 |   void Acquire() __attribute__((exclusive_lock_function()));
      |                                                           ^
/usr/src/com.unnsvc/com.unnsvc.buttcoin/bitcoindb/target/debug/build/leveldb-sys-b3eebc4395745c99/out/build/CMakeFiles/CMakeTmp/src.cxx:4:51: error: ‘unlock_function’ attribute directive ignored [-Werror=attributes]
    4 |   void Release() __attribute__((unlock_function()));
      |                                                   ^
/usr/src/com.unnsvc/com.unnsvc.buttcoin/bitcoindb/target/debug/build/leveldb-sys-b3eebc4395745c99/out/build/CMakeFiles/CMakeTmp/src.cxx:8:46: error: ‘guarded_by’ attribute directive ignored [-Werror=attributes]
    8 |   int data_ __attribute__((guarded_by(lock_)));
      |                                              ^
cc1plus: all warnings being treated as errors
gmake[1]: *** [CMakeFiles/cmTC_20bb9.dir/build.make:78: CMakeFiles/cmTC_20bb9.dir/src.cxx.o] Error 1
gmake[1]: Leaving directory '/usr/src/com.unnsvc/com.unnsvc.buttcoin/bitcoindb/target/debug/build/leveldb-sys-b3eebc4395745c99/out/build/CMakeFiles/CMakeTmp'
gmake: *** [Makefile:127: cmTC_20bb9/fast] Error 2


Source file was:

struct __attribute__((lockable)) Lock {
  void Acquire() __attribute__((exclusive_lock_function()));
  void Release() __attribute__((unlock_function()));
};
struct ThreadSafeType {
  Lock lock_;
  int data_ __attribute__((guarded_by(lock_)));
};
int main() { return 0; }

Performing C SOURCE FILE Test CMAKE_HAVE_LIBC_PTHREAD failed with the following output:
Change Dir: /usr/src/com.unnsvc/com.unnsvc.buttcoin/bitcoindb/target/debug/build/leveldb-sys-b3eebc4395745c99/out/build/CMakeFiles/CMakeTmp

Run Build Command(s):/usr/bin/gmake -f Makefile cmTC_fd67a/fast && /usr/bin/gmake  -f CMakeFiles/cmTC_fd67a.dir/build.make CMakeFiles/cmTC_fd67a.dir/build
gmake[1]: Entering directory '/usr/src/com.unnsvc/com.unnsvc.buttcoin/bitcoindb/target/debug/build/leveldb-sys-b3eebc4395745c99/out/build/CMakeFiles/CMakeTmp'
Building C object CMakeFiles/cmTC_fd67a.dir/src.c.o
/usr/lib64/ccache/cc -DCMAKE_HAVE_LIBC_PTHREAD  -I/usr/src/com.unnsvc/com.unnsvc.buttcoin/bitcoindb/target/debug/build/leveldb-sys-b3eebc4395745c99/out/include -ffunction-sections -fdata-sections -fPIC -m64  -std=c11 -o CMakeFiles/cmTC_fd67a.dir/src.c.o -c /usr/src/com.unnsvc/com.unnsvc.buttcoin/bitcoindb/target/debug/build/leveldb-sys-b3eebc4395745c99/out/build/CMakeFiles/CMakeTmp/src.c
Linking C executable cmTC_fd67a
/usr/bin/cmake -E cmake_link_script CMakeFiles/cmTC_fd67a.dir/link.txt --verbose=1
/usr/lib64/ccache/cc  -I/usr/src/com.unnsvc/com.unnsvc.buttcoin/bitcoindb/target/debug/build/leveldb-sys-b3eebc4395745c99/out/include -ffunction-sections -fdata-sections -fPIC -m64  -L/usr/src/com.unnsvc/com.unnsvc.buttcoin/bitcoindb/target/debug/build/leveldb-sys-b3eebc4395745c99/out/lib  CMakeFiles/cmTC_fd67a.dir/src.c.o -o cmTC_fd67a 
/usr/bin/ld: CMakeFiles/cmTC_fd67a.dir/src.c.o: in function `main':
src.c:(.text.main+0x21): undefined reference to `pthread_create'
/usr/bin/ld: src.c:(.text.main+0x2d): undefined reference to `pthread_detach'
/usr/bin/ld: src.c:(.text.main+0x39): undefined reference to `pthread_cancel'
/usr/bin/ld: src.c:(.text.main+0x4a): undefined reference to `pthread_join'
collect2: error: ld returned 1 exit status
gmake[1]: *** [CMakeFiles/cmTC_fd67a.dir/build.make:99: cmTC_fd67a] Error 1
gmake[1]: Leaving directory '/usr/src/com.unnsvc/com.unnsvc.buttcoin/bitcoindb/target/debug/build/leveldb-sys-b3eebc4395745c99/out/build/CMakeFiles/CMakeTmp'
gmake: *** [Makefile:127: cmTC_fd67a/fast] Error 2


Source file was:
#include <pthread.h>

static void* test_func(void* data)
{
  return data;
}

int main(void)
{
  pthread_t thread;
  pthread_create(&thread, NULL, test_func, NULL);
  pthread_detach(thread);
  pthread_cancel(thread);
  pthread_join(thread, NULL);
  pthread_atfork(NULL, NULL, NULL);
  pthread_exit(NULL);

  return 0;
}

Determining if the function pthread_create exists in the pthreads failed with the following output:
Change Dir: /usr/src/com.unnsvc/com.unnsvc.buttcoin/bitcoindb/target/debug/build/leveldb-sys-b3eebc4395745c99/out/build/CMakeFiles/CMakeTmp

Run Build Command(s):/usr/bin/gmake -f Makefile cmTC_d7328/fast && /usr/bin/gmake  -f CMakeFiles/cmTC_d7328.dir/build.make CMakeFiles/cmTC_d7328.dir/build
gmake[1]: Entering directory '/usr/src/com.unnsvc/com.unnsvc.buttcoin/bitcoindb/target/debug/build/leveldb-sys-b3eebc4395745c99/out/build/CMakeFiles/CMakeTmp'
Building C object CMakeFiles/cmTC_d7328.dir/CheckFunctionExists.c.o
/usr/lib64/ccache/cc   -I/usr/src/com.unnsvc/com.unnsvc.buttcoin/bitcoindb/target/debug/build/leveldb-sys-b3eebc4395745c99/out/include -ffunction-sections -fdata-sections -fPIC -m64 -DCHECK_FUNCTION_EXISTS=pthread_create -std=c11 -o CMakeFiles/cmTC_d7328.dir/CheckFunctionExists.c.o -c /usr/share/cmake/Modules/CheckFunctionExists.c
Linking C executable cmTC_d7328
/usr/bin/cmake -E cmake_link_script CMakeFiles/cmTC_d7328.dir/link.txt --verbose=1
/usr/lib64/ccache/cc  -I/usr/src/com.unnsvc/com.unnsvc.buttcoin/bitcoindb/target/debug/build/leveldb-sys-b3eebc4395745c99/out/include -ffunction-sections -fdata-sections -fPIC -m64 -DCHECK_FUNCTION_EXISTS=pthread_create -L/usr/src/com.unnsvc/com.unnsvc.buttcoin/bitcoindb/target/debug/build/leveldb-sys-b3eebc4395745c99/out/lib  CMakeFiles/cmTC_d7328.dir/CheckFunctionExists.c.o -o cmTC_d7328  -lpthreads 
/usr/bin/ld: cannot find -lpthreads
collect2: error: ld returned 1 exit status
gmake[1]: *** [CMakeFiles/cmTC_d7328.dir/build.make:99: cmTC_d7328] Error 1
gmake[1]: Leaving directory '/usr/src/com.unnsvc/com.unnsvc.buttcoin/bitcoindb/target/debug/build/leveldb-sys-b3eebc4395745c99/out/build/CMakeFiles/CMakeTmp'
gmake: *** [Makefile:127: cmTC_d7328/fast] Error 2



